[debug] [2019-06-28T11:42:57.142Z] ----------------------------------------------------------------------
[debug] [2019-06-28T11:42:57.145Z] Command:       C:\Program Files\nodejs\node.exe C:\Users\Idowu\AppData\Roaming\npm\node_modules\firebase-tools\lib\bin\firebase.js deploy
[debug] [2019-06-28T11:42:57.145Z] CLI Version:   6.9.0
[debug] [2019-06-28T11:42:57.145Z] Platform:      win32
[debug] [2019-06-28T11:42:57.145Z] Node Version:  v12.4.0
[debug] [2019-06-28T11:42:57.149Z] Time:          Fri Jun 28 2019 12:42:57 GMT+0100 (West Africa Standard Time)
[debug] [2019-06-28T11:42:57.149Z] ----------------------------------------------------------------------
[debug] 
[debug] [2019-06-28T11:42:57.166Z] > command requires scopes: ["email","openid","https://www.googleapis.com/auth/cloudplatformprojects.readonly","https://www.googleapis.com/auth/firebase","https://www.googleapis.com/auth/cloud-platform"]
[debug] [2019-06-28T11:42:57.167Z] > authorizing via signed-in user
[debug] [2019-06-28T11:42:57.167Z] [iam] checking project itemsmanager-128e9 for permissions ["firebase.projects.get","firebasehosting.sites.update"]
[debug] [2019-06-28T11:42:57.171Z] >>> HTTP REQUEST POST https://cloudresourcemanager.googleapis.com/v1/projects/itemsmanager-128e9:testIamPermissions  

[debug] [2019-06-28T11:44:48.267Z] <<< HTTP RESPONSE 200
[debug] [2019-06-28T11:44:48.273Z] >>> HTTP REQUEST GET https://firebase.googleapis.com/v1beta1/projects/itemsmanager-128e9  
 
[debug] [2019-06-28T11:45:50.279Z] <<< HTTP RESPONSE 200
[info] 
[info] === Deploying to 'itemsmanager-128e9'...
[info] 
[info] i  deploying hosting
[debug] [2019-06-28T11:45:50.283Z] >>> HTTP REQUEST POST https://firebasehosting.googleapis.com/v1beta1/sites/itemsmanager-128e9/versions  

[debug] [2019-06-28T11:47:31.990Z] <<< HTTP RESPONSE 200
[info] i  hosting[itemsmanager-128e9]: beginning deploy...
[info] i  hosting[itemsmanager-128e9]: found 11 files in dist/itemsmanager
[debug] [2019-06-28T11:47:32.009Z] [hosting] hash cache [ZGlzdFxpdGVtc21hbmFnZXI] load error: lines is not defined
[debug] [2019-06-28T11:47:32.099Z] [hosting] hash cache [ZGlzdFxpdGVtc21hbmFnZXI] stored for 11 files
[debug] [2019-06-28T11:47:32.099Z] [hosting][hash queue][FINAL]
[debug] [2019-06-28T11:47:32.099Z] >>> HTTP REQUEST POST https://firebasehosting.googleapis.com/v1beta1/sites/itemsmanager-128e9/versions/4cd6e47d19c65c74:populateFiles  
 <request body omitted>
[debug] [2019-06-28T11:48:32.513Z] [populateQueue] Retrying task index 0
[debug] [2019-06-28T11:48:32.513Z] >>> HTTP REQUEST POST https://firebasehosting.googleapis.com/v1beta1/sites/itemsmanager-128e9/versions/4cd6e47d19c65c74:populateFiles  
 <request body omitted>
[debug] [2019-06-28T11:49:33.317Z] [populateQueue] Retrying task index 0
[debug] [2019-06-28T11:49:33.318Z] >>> HTTP REQUEST POST https://firebasehosting.googleapis.com/v1beta1/sites/itemsmanager-128e9/versions/4cd6e47d19c65c74:populateFiles  
 <request body omitted>
[debug] [2019-06-28T11:50:34.923Z] [populateQueue] Retrying task index 0
[debug] [2019-06-28T11:50:34.923Z] >>> HTTP REQUEST POST https://firebasehosting.googleapis.com/v1beta1/sites/itemsmanager-128e9/versions/4cd6e47d19c65c74:populateFiles  
 <request body omitted>
[debug] [2019-06-28T11:51:34.926Z] [populateQueue] Retries exhausted for task index 0:
[debug] [2019-06-28T11:51:34.926Z] [hosting][upload queue][FINAL]
[debug] [2019-06-28T11:51:34.930Z] Error: ETIMEDOUT
    at Timeout._onTimeout (C:\Users\Idowu\AppData\Roaming\npm\node_modules\firebase-tools\node_modules\request\request.js:849:19)
    at listOnTimeout (internal/timers.js:531:17)
    at processTimers (internal/timers.js:475:7)
[error] 
[error] Error: Server Error. ETIMEDOUT
